<?xml version="1.0" encoding="UTF-8"?>
<robot generator="Robot 5.0.1 (Python 3.10.5 on win32)" generated="20220711 01:26:22.416" rpa="false" schemaversion="3">
<suite id="s1" name="acceptance test F3.2" source="D:\aceptance-test\atrfrecognize\robot\acceptance_test_F3.2.robot">
<test id="s1-t1" name="No Camera Started" line="28">
<kw name="Verify Test Case 1" library="Keywords">
<arg>${DIC_PARAMETERS_TC1}[probability]</arg>
<arg>${DIC_PARAMETERS_TC1}[name]</arg>
<doc>Camera of device was not started.</doc>
<kw name="Camera No Started" library="RecognizeLibrary">
<arg>${probability}</arg>
<arg>${name}</arg>
<msg timestamp="20220711 01:26:22.850" level="INFO">Test case 1 tested with probability of 0.000000</msg>
<status status="PASS" starttime="20220711 01:26:22.849" endtime="20220711 01:26:22.935"/>
</kw>
<kw name="Check Camera No Started" library="RecognizeLibrary">
<arg>cp1</arg>
<status status="PASS" starttime="20220711 01:26:22.935" endtime="20220711 01:26:22.935"/>
</kw>
<status status="PASS" starttime="20220711 01:26:22.848" endtime="20220711 01:26:22.935"/>
</kw>
<doc>Cuando la cámara no se active se envía un mensaje al servidor indicando que la cámara no fue activada.</doc>
<tag>6668</tag>
<tag>Functionality 3.2 Recognize</tag>
<tag>owner-willy_romero</tag>
<status status="PASS" starttime="20220711 01:26:22.847" endtime="20220711 01:26:22.936"/>
</test>
<test id="s1-t2" name="Unrecognized Face" line="31">
<kw name="Verify Test Case 2" library="Keywords">
<arg>${DIC_PARAMETERS_TC2}[probability]</arg>
<arg>${DIC_PARAMETERS_TC2}[name]</arg>
<doc>The person scanned was unrecognized.</doc>
<kw name="Unrecognized Face" library="RecognizeLibrary">
<arg>${probability}</arg>
<arg>${name}</arg>
<msg timestamp="20220711 01:26:22.940" level="INFO">Test case 2 tested with probability of 70.000000</msg>
<msg timestamp="20220711 01:26:24.762" level="INFO">message received with    No es la persona registrada</msg>
<status status="PASS" starttime="20220711 01:26:22.940" endtime="20220711 01:26:24.763"/>
</kw>
<kw name="Check Unrecognized Face" library="RecognizeLibrary">
<arg>cp2</arg>
<status status="PASS" starttime="20220711 01:26:24.764" endtime="20220711 01:26:24.765"/>
</kw>
<status status="PASS" starttime="20220711 01:26:22.939" endtime="20220711 01:26:24.766"/>
</kw>
<doc>Como usuario debo ver la etiqueta "Desconocido" cuando no sea reconocido.</doc>
<tag>6668</tag>
<tag>Functionality 3.2 Recognize</tag>
<tag>owner-willy_romero</tag>
<status status="PASS" starttime="20220711 01:26:22.938" endtime="20220711 01:26:24.766"/>
</test>
<test id="s1-t3" name="Recognized Face" line="34">
<kw name="Verify Test Case 3" library="Keywords">
<arg>${DIC_PARAMETERS_TC3}[probability]</arg>
<arg>${DIC_PARAMETERS_TC3}[name]</arg>
<doc>The person scanned was recognized.</doc>
<kw name="Recognized Face" library="RecognizeLibrary">
<arg>${probability}</arg>
<arg>${name}</arg>
<msg timestamp="20220711 01:26:24.775" level="INFO">Test case 3 tested with probability of 60.000000</msg>
<msg timestamp="20220711 01:26:26.092" level="INFO">message received with    Persona detectada</msg>
<status status="PASS" starttime="20220711 01:26:24.775" endtime="20220711 01:26:26.092"/>
</kw>
<kw name="Check Recognized Face" library="RecognizeLibrary">
<arg>cp3</arg>
<status status="PASS" starttime="20220711 01:26:26.092" endtime="20220711 01:26:26.092"/>
</kw>
<status status="PASS" starttime="20220711 01:26:24.772" endtime="20220711 01:26:26.093"/>
</kw>
<doc>Como usuario debo ver la etiqueta con mi nombre cuando sea reconocido.</doc>
<tag>6668</tag>
<tag>Functionality 3.2 Recognize</tag>
<tag>owner-willy_romero</tag>
<status status="PASS" starttime="20220711 01:26:24.768" endtime="20220711 01:26:26.097"/>
</test>
<test id="s1-t4" name="Unrecognized Face Key" line="37">
<kw name="Verify Test Case 4" library="Keywords">
<arg>${DIC_PARAMETERS_TC4}[probability]</arg>
<arg>${DIC_PARAMETERS_TC4}[name]</arg>
<doc>The person scanned was unrecognized and press key scape.</doc>
<kw name="Unrecognized Face Key" library="RecognizeLibrary">
<arg>${probability}</arg>
<arg>${name}</arg>
<msg timestamp="20220711 01:26:26.105" level="INFO">Test case 4 tested with probability of 70.000000</msg>
<msg timestamp="20220711 01:26:31.511" level="INFO">message received with    No es la persona registrada
message received with    No es la persona registrada
message received with    No es la persona registrada
message received with    No es la persona registrada
message received with    No es la persona registrada
message received with    No es la persona registrada
message received with    No es la persona registrada
message received with    No es la persona registrada
message received with    No es la persona registrada
message received with    No es la persona registrada
message received with    No es la persona registrada</msg>
<status status="PASS" starttime="20220711 01:26:26.103" endtime="20220711 01:26:31.511"/>
</kw>
<kw name="Check Unrecognized Face Key" library="RecognizeLibrary">
<arg>cp4</arg>
<status status="PASS" starttime="20220711 01:26:31.511" endtime="20220711 01:26:31.511"/>
</kw>
<status status="PASS" starttime="20220711 01:26:26.102" endtime="20220711 01:26:31.511"/>
</kw>
<doc>Como usuario debo ver la etiqueta "Desconocido" cuando no sea reconocido, además el sistema debe permitirme presionar la tecla "escape" para terminar el reconocimiento.</doc>
<tag>6668</tag>
<tag>Functionality 3.2 Recognize</tag>
<tag>owner-willy_romero</tag>
<status status="PASS" starttime="20220711 01:26:26.099" endtime="20220711 01:26:31.512"/>
</test>
<test id="s1-t5" name="Recognized Face Key" line="40">
<kw name="Verify Test Case 5" library="Keywords">
<arg>${DIC_PARAMETERS_TC5}[probability]</arg>
<arg>${DIC_PARAMETERS_TC5}[name]</arg>
<doc>The person scanned was recognized and press key scape.</doc>
<kw name="Recognized Face Key" library="RecognizeLibrary">
<arg>${probability}</arg>
<arg>${name}</arg>
<msg timestamp="20220711 01:26:31.516" level="INFO">Test case 5 tested with probability of 60.000000</msg>
<msg timestamp="20220711 01:26:33.955" level="INFO">message received with    Persona detectada
message received with    Persona detectada
message received with    Persona detectada
message received with    Persona detectada
message received with    Persona detectada
message received with    Persona detectada
message received with    Persona detectada
message received with    Persona detectada
message received with    Persona detectada
message received with    Persona detectada
message received with    Persona detectada
message received with    Persona detectada
message received with    Persona detectada
message received with    Persona detectada
message received with    Persona detectada
message received with    Persona detectada
message received with    Persona detectada
message received with    Persona detectada
message received with    Persona detectada
message received with    Persona detectada</msg>
<status status="PASS" starttime="20220711 01:26:31.515" endtime="20220711 01:26:33.955"/>
</kw>
<kw name="Check Recognized Face Key" library="RecognizeLibrary">
<arg>cp5</arg>
<status status="PASS" starttime="20220711 01:26:33.955" endtime="20220711 01:26:33.955"/>
</kw>
<status status="PASS" starttime="20220711 01:26:31.514" endtime="20220711 01:26:33.956"/>
</kw>
<doc>Como usuario debo ver la etiqueta con mi nombre cuando sea reconocido, además el sistema debe permitirme presionar la tecla "escape" para terminar el reconocimiento.</doc>
<tag>6668</tag>
<tag>Functionality 3.2 Recognize</tag>
<tag>owner-willy_romero</tag>
<status status="PASS" starttime="20220711 01:26:31.514" endtime="20220711 01:26:33.957"/>
</test>
<doc>This is test suite for acceptance test of functionality 3.2. Recognize</doc>
<meta name="Executed At">Local.</meta>
<meta name="More Info">You can acces to the source code here: https://github.com/willyromero/acceptancetest-robotframework</meta>
<meta name="Version">1.0.0</meta>
<status status="PASS" starttime="20220711 01:26:22.418" endtime="20220711 01:26:33.958"/>
</suite>
<statistics>
<total>
<stat pass="5" fail="0" skip="0">All Tests</stat>
</total>
<tag>
<stat pass="5" fail="0" skip="0">6668</stat>
<stat pass="5" fail="0" skip="0">Functionality 3.2 Recognize</stat>
<stat pass="5" fail="0" skip="0">owner-willy_romero</stat>
</tag>
<suite>
<stat pass="5" fail="0" skip="0" id="s1" name="acceptance test F3.2">acceptance test F3.2</stat>
</suite>
</statistics>
<errors>
</errors>
</robot>
